<?xml version="1.0" encoding="UTF-8"?>
<!-- Generated by org.testng.reporters.JUnitReportReporter -->
<testsuite skipped="12" hostname="debmalya.indusnettechnologies.com" name="copofi.testRun.testSuite" tests="13" failures="0" timestamp="19 Jun 2018 14:10:44 GMT" time="0.000" errors="1">
  <testcase name="openBrowser" time="0.000" classname="copofi.testRun.testSuite">
    <error type="org.testng.TestNGException" message="
Parameter &#039;browser&#039; is required by BeforeTest on method openBrowser but has not been marked @Optional or defined
in /tmp/testng-eclipse-1306712459/testng-customsuite.xml">
      <![CDATA[org.testng.TestNGException: 
Parameter 'browser' is required by BeforeTest on method openBrowser but has not been marked @Optional or defined
in /tmp/testng-eclipse-1306712459/testng-customsuite.xml
	at org.testng.internal.Parameters.createParameters(Parameters.java:199)
	at org.testng.internal.Parameters.createParameters(Parameters.java:443)
	at org.testng.internal.Parameters.createConfigurationParameters(Parameters.java:118)
	at org.testng.internal.Invoker.invokeConfigurations(Invoker.java:206)
	at org.testng.internal.Invoker.invokeConfigurations(Invoker.java:146)
	at org.testng.TestRunner.beforeRun(TestRunner.java:626)
	at org.testng.TestRunner.run(TestRunner.java:594)
	at org.testng.SuiteRunner.runTest(SuiteRunner.java:380)
	at org.testng.SuiteRunner.runSequentially(SuiteRunner.java:375)
	at org.testng.SuiteRunner.privateRun(SuiteRunner.java:340)
	at org.testng.SuiteRunner.run(SuiteRunner.java:289)
	at org.testng.SuiteRunnerWorker.runSuite(SuiteRunnerWorker.java:52)
	at org.testng.SuiteRunnerWorker.run(SuiteRunnerWorker.java:86)
	at org.testng.TestNG.runSuitesSequentially(TestNG.java:1301)
	at org.testng.TestNG.runSuitesLocally(TestNG.java:1226)
	at org.testng.TestNG.runSuites(TestNG.java:1144)
	at org.testng.TestNG.run(TestNG.java:1115)
	at org.testng.remote.AbstractRemoteTestNG.run(AbstractRemoteTestNG.java:114)
	at org.testng.remote.RemoteTestNG.initAndRun(RemoteTestNG.java:251)
	at org.testng.remote.RemoteTestNG.main(RemoteTestNG.java:77)
]]>
    </error>
  </testcase> <!-- openBrowser -->
  <testcase name="testCaseNo74" time="0.000" classname="copofi.testRun.testSuite">
    <skipped/>
  </testcase> <!-- testCaseNo74 -->
  <testcase name="testCaseNo76" time="0.000" classname="copofi.testRun.testSuite">
    <skipped/>
  </testcase> <!-- testCaseNo76 -->
  <testcase name="testCaseNo2" time="0.000" classname="copofi.testRun.testSuite">
    <skipped/>
  </testcase> <!-- testCaseNo2 -->
  <testcase name="testCaseNo3" time="0.000" classname="copofi.testRun.testSuite">
    <skipped/>
  </testcase> <!-- testCaseNo3 -->
  <testcase name="testCaseNo4" time="0.000" classname="copofi.testRun.testSuite">
    <skipped/>
  </testcase> <!-- testCaseNo4 -->
  <testcase name="testCaseNo1_n_testCaseNo5" time="0.000" classname="copofi.testRun.testSuite">
    <skipped/>
  </testcase> <!-- testCaseNo1_n_testCaseNo5 -->
  <testcase name="testCaseNo7" time="0.000" classname="copofi.testRun.testSuite">
    <skipped/>
  </testcase> <!-- testCaseNo7 -->
  <testcase name="testCaseNo16" time="0.000" classname="copofi.testRun.testSuite">
    <skipped/>
  </testcase> <!-- testCaseNo16 -->
  <testcase name="testCaseNo17_n_testCaseNo30" time="0.000" classname="copofi.testRun.testSuite">
    <skipped/>
  </testcase> <!-- testCaseNo17_n_testCaseNo30 -->
  <testcase name="testCaseNo28_n_testCaseNo29" time="0.000" classname="copofi.testRun.testSuite">
    <skipped/>
  </testcase> <!-- testCaseNo28_n_testCaseNo29 -->
  <testcase name="testCaseNo40" time="0.000" classname="copofi.testRun.testSuite">
    <skipped/>
  </testcase> <!-- testCaseNo40 -->
  <testcase name="testCaseNo41" time="0.000" classname="copofi.testRun.testSuite">
    <skipped/>
  </testcase> <!-- testCaseNo41 -->
</testsuite> <!-- copofi.testRun.testSuite -->
